<?xml version="1.0" encoding="UTF-8"?>
<testsuite name="org.dripto.gradle.client.shout.ShoutClientTest" tests="1" skipped="0" failures="0" errors="0" timestamp="2021-06-11T14:32:02" hostname="CFC02CW1PAML7H" time="1.495">
  <properties/>
  <testcase name="testQuotesClient()" classname="org.dripto.gradle.client.shout.ShoutClientTest" time="1.495"/>
  <system-out><![CDATA[16:32:00.899 [Test worker] DEBUG org.springframework.test.context.BootstrapUtils - Instantiating CacheAwareContextLoaderDelegate from class [org.springframework.test.context.cache.DefaultCacheAwareContextLoaderDelegate]
16:32:00.911 [Test worker] DEBUG org.springframework.test.context.BootstrapUtils - Instantiating BootstrapContext using constructor [public org.springframework.test.context.support.DefaultBootstrapContext(java.lang.Class,org.springframework.test.context.CacheAwareContextLoaderDelegate)]
16:32:00.942 [Test worker] DEBUG org.springframework.test.context.BootstrapUtils - Instantiating TestContextBootstrapper for test class [org.dripto.gradle.client.shout.ShoutClientTest] from class [org.springframework.boot.test.context.SpringBootTestContextBootstrapper]
16:32:00.955 [Test worker] INFO org.springframework.boot.test.context.SpringBootTestContextBootstrapper - Neither @ContextConfiguration nor @ContextHierarchy found for test class [org.dripto.gradle.client.shout.ShoutClientTest], using SpringBootContextLoader
16:32:00.957 [Test worker] DEBUG org.springframework.test.context.support.AbstractContextLoader - Did not detect default resource location for test class [org.dripto.gradle.client.shout.ShoutClientTest]: class path resource [org/dripto/gradle/client/shout/ShoutClientTest-context.xml] does not exist
16:32:00.958 [Test worker] DEBUG org.springframework.test.context.support.AbstractContextLoader - Did not detect default resource location for test class [org.dripto.gradle.client.shout.ShoutClientTest]: class path resource [org/dripto/gradle/client/shout/ShoutClientTestContext.groovy] does not exist
16:32:00.958 [Test worker] INFO org.springframework.test.context.support.AbstractContextLoader - Could not detect default resource locations for test class [org.dripto.gradle.client.shout.ShoutClientTest]: no resource found for suffixes {-context.xml, Context.groovy}.
16:32:01.004 [Test worker] DEBUG org.springframework.test.context.support.ActiveProfilesUtils - Could not find an 'annotation declaring class' for annotation type [org.springframework.test.context.ActiveProfiles] and class [org.dripto.gradle.client.shout.ShoutClientTest]
16:32:01.114 [Test worker] DEBUG org.springframework.boot.test.context.SpringBootTestContextBootstrapper - @TestExecutionListeners is not present for class [org.dripto.gradle.client.shout.ShoutClientTest]: using defaults.
16:32:01.115 [Test worker] INFO org.springframework.boot.test.context.SpringBootTestContextBootstrapper - Loaded default TestExecutionListener class names from location [META-INF/spring.factories]: [org.springframework.boot.test.autoconfigure.restdocs.RestDocsTestExecutionListener, org.springframework.boot.test.autoconfigure.web.client.MockRestServiceServerResetTestExecutionListener, org.springframework.boot.test.autoconfigure.web.servlet.MockMvcPrintOnlyOnFailureTestExecutionListener, org.springframework.boot.test.autoconfigure.web.servlet.WebDriverTestExecutionListener, org.springframework.boot.test.autoconfigure.webservices.client.MockWebServiceServerTestExecutionListener, org.springframework.boot.test.mock.mockito.MockitoTestExecutionListener, org.springframework.boot.test.mock.mockito.ResetMocksTestExecutionListener, org.springframework.test.context.web.ServletTestExecutionListener, org.springframework.test.context.support.DirtiesContextBeforeModesTestExecutionListener, org.springframework.test.context.event.ApplicationEventsTestExecutionListener, org.springframework.test.context.support.DependencyInjectionTestExecutionListener, org.springframework.test.context.support.DirtiesContextTestExecutionListener, org.springframework.test.context.transaction.TransactionalTestExecutionListener, org.springframework.test.context.jdbc.SqlScriptsTestExecutionListener, org.springframework.test.context.event.EventPublishingTestExecutionListener]
16:32:01.122 [Test worker] DEBUG org.springframework.boot.test.context.SpringBootTestContextBootstrapper - Skipping candidate TestExecutionListener [org.springframework.test.context.web.ServletTestExecutionListener] due to a missing dependency. Specify custom listener classes or make the default listener classes and their required dependencies available. Offending class: [javax/servlet/ServletContext]
16:32:01.125 [Test worker] DEBUG org.springframework.boot.test.context.SpringBootTestContextBootstrapper - Skipping candidate TestExecutionListener [org.springframework.test.context.transaction.TransactionalTestExecutionListener] due to a missing dependency. Specify custom listener classes or make the default listener classes and their required dependencies available. Offending class: [org/springframework/transaction/TransactionDefinition]
16:32:01.125 [Test worker] DEBUG org.springframework.boot.test.context.SpringBootTestContextBootstrapper - Skipping candidate TestExecutionListener [org.springframework.test.context.jdbc.SqlScriptsTestExecutionListener] due to a missing dependency. Specify custom listener classes or make the default listener classes and their required dependencies available. Offending class: [org/springframework/transaction/interceptor/TransactionAttribute]
16:32:01.126 [Test worker] INFO org.springframework.boot.test.context.SpringBootTestContextBootstrapper - Using TestExecutionListeners: [org.springframework.test.context.support.DirtiesContextBeforeModesTestExecutionListener@115d8da7, org.springframework.test.context.event.ApplicationEventsTestExecutionListener@50d6ff91, org.springframework.boot.test.mock.mockito.MockitoTestExecutionListener@2004ae1, org.springframework.boot.test.autoconfigure.SpringBootDependencyInjectionTestExecutionListener@2f574ffd, org.springframework.test.context.support.DirtiesContextTestExecutionListener@529acf05, org.springframework.test.context.event.EventPublishingTestExecutionListener@35d788b0, org.springframework.boot.test.autoconfigure.restdocs.RestDocsTestExecutionListener@35808ba9, org.springframework.boot.test.autoconfigure.web.client.MockRestServiceServerResetTestExecutionListener@203d1243, org.springframework.boot.test.autoconfigure.web.servlet.MockMvcPrintOnlyOnFailureTestExecutionListener@24db13a6, org.springframework.boot.test.autoconfigure.web.servlet.WebDriverTestExecutionListener@2d408d85, org.springframework.boot.test.autoconfigure.webservices.client.MockWebServiceServerTestExecutionListener@1c2c9647, org.springframework.boot.test.mock.mockito.ResetMocksTestExecutionListener@544b208b]
16:32:01.131 [Test worker] DEBUG org.springframework.test.context.support.AbstractDirtiesContextTestExecutionListener - Before test class: context [DefaultTestContext@405fa216 testClass = ShoutClientTest, testInstance = [null], testMethod = [null], testException = [null], mergedContextConfiguration = [ReactiveWebMergedContextConfiguration@635d3ac0 testClass = ShoutClientTest, locations = '{}', classes = '{class org.springframework.boot.autoconfigure.web.reactive.function.client.WebClientAutoConfiguration, class org.dripto.gradle.client.shout.ShoutConfig}', contextInitializerClasses = '[]', activeProfiles = '{}', propertySourceLocations = '{}', propertySourceProperties = '{org.springframework.boot.test.context.SpringBootTestContextBootstrapper=true}', contextCustomizers = set[org.springframework.boot.test.autoconfigure.actuate.metrics.MetricsExportContextCustomizerFactory$DisableMetricExportContextCustomizer@56999bea, org.springframework.boot.test.autoconfigure.properties.PropertyMappingContextCustomizer@0, org.springframework.boot.test.autoconfigure.web.servlet.WebDriverContextCustomizerFactory$Customizer@19175568, org.springframework.boot.test.context.filter.ExcludeFilterContextCustomizer@7b9949eb, org.springframework.boot.test.json.DuplicateJsonObjectContextCustomizerFactory$DuplicateJsonObjectContextCustomizer@46893ca, org.springframework.boot.test.mock.mockito.MockitoContextCustomizer@0, org.springframework.boot.test.web.client.TestRestTemplateContextCustomizer@36a30a4f, org.springframework.boot.test.web.reactive.server.WebTestClientContextCustomizer@7dc9a26f, org.springframework.boot.test.context.SpringBootTestArgs@1, org.springframework.boot.test.context.SpringBootTestWebEnvironment@7c87ab3f], contextLoader = 'org.springframework.boot.test.context.SpringBootContextLoader', parent = [null]], attributes = map[[empty]]], class annotated with @DirtiesContext [false] with mode [null].
16:32:01.143 [Test worker] DEBUG org.springframework.test.context.support.DependencyInjectionTestExecutionListener - Performing dependency injection for test context [[DefaultTestContext@405fa216 testClass = ShoutClientTest, testInstance = org.dripto.gradle.client.shout.ShoutClientTest@58cdd00e, testMethod = [null], testException = [null], mergedContextConfiguration = [ReactiveWebMergedContextConfiguration@635d3ac0 testClass = ShoutClientTest, locations = '{}', classes = '{class org.springframework.boot.autoconfigure.web.reactive.function.client.WebClientAutoConfiguration, class org.dripto.gradle.client.shout.ShoutConfig}', contextInitializerClasses = '[]', activeProfiles = '{}', propertySourceLocations = '{}', propertySourceProperties = '{org.springframework.boot.test.context.SpringBootTestContextBootstrapper=true}', contextCustomizers = set[org.springframework.boot.test.autoconfigure.actuate.metrics.MetricsExportContextCustomizerFactory$DisableMetricExportContextCustomizer@56999bea, org.springframework.boot.test.autoconfigure.properties.PropertyMappingContextCustomizer@0, org.springframework.boot.test.autoconfigure.web.servlet.WebDriverContextCustomizerFactory$Customizer@19175568, org.springframework.boot.test.context.filter.ExcludeFilterContextCustomizer@7b9949eb, org.springframework.boot.test.json.DuplicateJsonObjectContextCustomizerFactory$DuplicateJsonObjectContextCustomizer@46893ca, org.springframework.boot.test.mock.mockito.MockitoContextCustomizer@0, org.springframework.boot.test.web.client.TestRestTemplateContextCustomizer@36a30a4f, org.springframework.boot.test.web.reactive.server.WebTestClientContextCustomizer@7dc9a26f, org.springframework.boot.test.context.SpringBootTestArgs@1, org.springframework.boot.test.context.SpringBootTestWebEnvironment@7c87ab3f], contextLoader = 'org.springframework.boot.test.context.SpringBootContextLoader', parent = [null]], attributes = map['org.springframework.test.context.event.ApplicationEventsTestExecutionListener.recordApplicationEvents' -> false]]].
16:32:01.171 [Test worker] DEBUG org.springframework.test.context.support.TestPropertySourceUtils - Adding inlined properties to environment: {spring.jmx.enabled=false, org.springframework.boot.test.context.SpringBootTestContextBootstrapper=true}

  .   ____          _            __ _ _
 /\\ / ___'_ __ _ _(_)_ __  __ _ \ \ \ \
( ( )\___ | '_ | '_| | '_ \/ _` | \ \ \ \
 \\/  ___)| |_)| | | | | || (_| |  ) ) ) )
  '  |____| .__|_| |_|_| |_\__, | / / / /
 =========|_|==============|___/=/_/_/_/
 :: Spring Boot ::                (v2.5.1)

2021-06-11 16:32:01.474  INFO 24460 --- [    Test worker] o.d.gradle.client.shout.ShoutClientTest  : Starting ShoutClientTest using Java 11.0.11 on CFC02CW1PAML7H with PID 24460 (started by driptaroopdas in /Users/driptaroopdas/Documents/workspaces/gradle/composite-build/lib/shout-client)
2021-06-11 16:32:01.477  INFO 24460 --- [    Test worker] o.d.gradle.client.shout.ShoutClientTest  : No active profile set, falling back to default profiles: default
2021-06-11 16:32:02.455  INFO 24460 --- [    Test worker] o.d.gradle.client.shout.ShoutClientTest  : Started ShoutClientTest in 1.268 seconds (JVM running for 2.317)
]]></system-out>
  <system-err><![CDATA[]]></system-err>
</testsuite>
