<?xml version="1.0" encoding="UTF-8"?>
<testsuite name="org.dripto.gradle.client.quotes.QuotesClientTest" tests="1" skipped="0" failures="0" errors="0" timestamp="2021-06-11T14:31:56" hostname="CFC02CW1PAML7H" time="2.632">
  <properties/>
  <testcase name="testQuotesClient()" classname="org.dripto.gradle.client.quotes.QuotesClientTest" time="2.632"/>
  <system-out><![CDATA[16:31:55.319 [Test worker] DEBUG org.springframework.test.context.BootstrapUtils - Instantiating CacheAwareContextLoaderDelegate from class [org.springframework.test.context.cache.DefaultCacheAwareContextLoaderDelegate]
16:31:55.330 [Test worker] DEBUG org.springframework.test.context.BootstrapUtils - Instantiating BootstrapContext using constructor [public org.springframework.test.context.support.DefaultBootstrapContext(java.lang.Class,org.springframework.test.context.CacheAwareContextLoaderDelegate)]
16:31:55.363 [Test worker] DEBUG org.springframework.test.context.BootstrapUtils - Instantiating TestContextBootstrapper for test class [org.dripto.gradle.client.quotes.QuotesClientTest] from class [org.springframework.boot.test.context.SpringBootTestContextBootstrapper]
16:31:55.382 [Test worker] INFO org.springframework.boot.test.context.SpringBootTestContextBootstrapper - Neither @ContextConfiguration nor @ContextHierarchy found for test class [org.dripto.gradle.client.quotes.QuotesClientTest], using SpringBootContextLoader
16:31:55.387 [Test worker] DEBUG org.springframework.test.context.support.AbstractContextLoader - Did not detect default resource location for test class [org.dripto.gradle.client.quotes.QuotesClientTest]: class path resource [org/dripto/gradle/client/quotes/QuotesClientTest-context.xml] does not exist
16:31:55.388 [Test worker] DEBUG org.springframework.test.context.support.AbstractContextLoader - Did not detect default resource location for test class [org.dripto.gradle.client.quotes.QuotesClientTest]: class path resource [org/dripto/gradle/client/quotes/QuotesClientTestContext.groovy] does not exist
16:31:55.388 [Test worker] INFO org.springframework.test.context.support.AbstractContextLoader - Could not detect default resource locations for test class [org.dripto.gradle.client.quotes.QuotesClientTest]: no resource found for suffixes {-context.xml, Context.groovy}.
16:31:55.450 [Test worker] DEBUG org.springframework.test.context.support.ActiveProfilesUtils - Could not find an 'annotation declaring class' for annotation type [org.springframework.test.context.ActiveProfiles] and class [org.dripto.gradle.client.quotes.QuotesClientTest]
16:31:55.576 [Test worker] DEBUG org.springframework.boot.test.context.SpringBootTestContextBootstrapper - @TestExecutionListeners is not present for class [org.dripto.gradle.client.quotes.QuotesClientTest]: using defaults.
16:31:55.577 [Test worker] INFO org.springframework.boot.test.context.SpringBootTestContextBootstrapper - Loaded default TestExecutionListener class names from location [META-INF/spring.factories]: [org.springframework.boot.test.autoconfigure.restdocs.RestDocsTestExecutionListener, org.springframework.boot.test.autoconfigure.web.client.MockRestServiceServerResetTestExecutionListener, org.springframework.boot.test.autoconfigure.web.servlet.MockMvcPrintOnlyOnFailureTestExecutionListener, org.springframework.boot.test.autoconfigure.web.servlet.WebDriverTestExecutionListener, org.springframework.boot.test.autoconfigure.webservices.client.MockWebServiceServerTestExecutionListener, org.springframework.boot.test.mock.mockito.MockitoTestExecutionListener, org.springframework.boot.test.mock.mockito.ResetMocksTestExecutionListener, org.springframework.test.context.web.ServletTestExecutionListener, org.springframework.test.context.support.DirtiesContextBeforeModesTestExecutionListener, org.springframework.test.context.event.ApplicationEventsTestExecutionListener, org.springframework.test.context.support.DependencyInjectionTestExecutionListener, org.springframework.test.context.support.DirtiesContextTestExecutionListener, org.springframework.test.context.transaction.TransactionalTestExecutionListener, org.springframework.test.context.jdbc.SqlScriptsTestExecutionListener, org.springframework.test.context.event.EventPublishingTestExecutionListener]
16:31:55.588 [Test worker] DEBUG org.springframework.boot.test.context.SpringBootTestContextBootstrapper - Skipping candidate TestExecutionListener [org.springframework.test.context.web.ServletTestExecutionListener] due to a missing dependency. Specify custom listener classes or make the default listener classes and their required dependencies available. Offending class: [javax/servlet/ServletContext]
16:31:55.590 [Test worker] DEBUG org.springframework.boot.test.context.SpringBootTestContextBootstrapper - Skipping candidate TestExecutionListener [org.springframework.test.context.transaction.TransactionalTestExecutionListener] due to a missing dependency. Specify custom listener classes or make the default listener classes and their required dependencies available. Offending class: [org/springframework/transaction/TransactionDefinition]
16:31:55.591 [Test worker] DEBUG org.springframework.boot.test.context.SpringBootTestContextBootstrapper - Skipping candidate TestExecutionListener [org.springframework.test.context.jdbc.SqlScriptsTestExecutionListener] due to a missing dependency. Specify custom listener classes or make the default listener classes and their required dependencies available. Offending class: [org/springframework/transaction/interceptor/TransactionAttribute]
16:31:55.591 [Test worker] INFO org.springframework.boot.test.context.SpringBootTestContextBootstrapper - Using TestExecutionListeners: [org.springframework.test.context.support.DirtiesContextBeforeModesTestExecutionListener@43a7413b, org.springframework.test.context.event.ApplicationEventsTestExecutionListener@7e74e13f, org.springframework.boot.test.mock.mockito.MockitoTestExecutionListener@4e1c7c54, org.springframework.boot.test.autoconfigure.SpringBootDependencyInjectionTestExecutionListener@13083ee3, org.springframework.test.context.support.DirtiesContextTestExecutionListener@6a5f1b20, org.springframework.test.context.event.EventPublishingTestExecutionListener@33fb724d, org.springframework.boot.test.autoconfigure.restdocs.RestDocsTestExecutionListener@1ea846ba, org.springframework.boot.test.autoconfigure.web.client.MockRestServiceServerResetTestExecutionListener@4c859caa, org.springframework.boot.test.autoconfigure.web.servlet.MockMvcPrintOnlyOnFailureTestExecutionListener@5e911801, org.springframework.boot.test.autoconfigure.web.servlet.WebDriverTestExecutionListener@36906084, org.springframework.boot.test.autoconfigure.webservices.client.MockWebServiceServerTestExecutionListener@6a516d7a, org.springframework.boot.test.mock.mockito.ResetMocksTestExecutionListener@ad1cc56]
16:31:55.595 [Test worker] DEBUG org.springframework.test.context.support.AbstractDirtiesContextTestExecutionListener - Before test class: context [DefaultTestContext@654a622b testClass = QuotesClientTest, testInstance = [null], testMethod = [null], testException = [null], mergedContextConfiguration = [ReactiveWebMergedContextConfiguration@54b4f4ae testClass = QuotesClientTest, locations = '{}', classes = '{class org.springframework.boot.autoconfigure.web.reactive.function.client.WebClientAutoConfiguration, class org.dripto.gradle.client.quotes.QuotesConfig}', contextInitializerClasses = '[]', activeProfiles = '{}', propertySourceLocations = '{}', propertySourceProperties = '{org.springframework.boot.test.context.SpringBootTestContextBootstrapper=true}', contextCustomizers = set[org.springframework.boot.test.autoconfigure.actuate.metrics.MetricsExportContextCustomizerFactory$DisableMetricExportContextCustomizer@3e6da2ed, org.springframework.boot.test.autoconfigure.properties.PropertyMappingContextCustomizer@0, org.springframework.boot.test.autoconfigure.web.servlet.WebDriverContextCustomizerFactory$Customizer@1af10b60, org.springframework.boot.test.context.filter.ExcludeFilterContextCustomizer@3b60e117, org.springframework.boot.test.json.DuplicateJsonObjectContextCustomizerFactory$DuplicateJsonObjectContextCustomizer@59f3d6bf, org.springframework.boot.test.mock.mockito.MockitoContextCustomizer@0, org.springframework.boot.test.web.client.TestRestTemplateContextCustomizer@1b7a630f, org.springframework.boot.test.web.reactive.server.WebTestClientContextCustomizer@5157b00, org.springframework.boot.test.context.SpringBootTestArgs@1, org.springframework.boot.test.context.SpringBootTestWebEnvironment@6b1b0f5d], contextLoader = 'org.springframework.boot.test.context.SpringBootContextLoader', parent = [null]], attributes = map[[empty]]], class annotated with @DirtiesContext [false] with mode [null].
16:31:55.607 [Test worker] DEBUG org.springframework.test.context.support.DependencyInjectionTestExecutionListener - Performing dependency injection for test context [[DefaultTestContext@654a622b testClass = QuotesClientTest, testInstance = org.dripto.gradle.client.quotes.QuotesClientTest@1779c536, testMethod = [null], testException = [null], mergedContextConfiguration = [ReactiveWebMergedContextConfiguration@54b4f4ae testClass = QuotesClientTest, locations = '{}', classes = '{class org.springframework.boot.autoconfigure.web.reactive.function.client.WebClientAutoConfiguration, class org.dripto.gradle.client.quotes.QuotesConfig}', contextInitializerClasses = '[]', activeProfiles = '{}', propertySourceLocations = '{}', propertySourceProperties = '{org.springframework.boot.test.context.SpringBootTestContextBootstrapper=true}', contextCustomizers = set[org.springframework.boot.test.autoconfigure.actuate.metrics.MetricsExportContextCustomizerFactory$DisableMetricExportContextCustomizer@3e6da2ed, org.springframework.boot.test.autoconfigure.properties.PropertyMappingContextCustomizer@0, org.springframework.boot.test.autoconfigure.web.servlet.WebDriverContextCustomizerFactory$Customizer@1af10b60, org.springframework.boot.test.context.filter.ExcludeFilterContextCustomizer@3b60e117, org.springframework.boot.test.json.DuplicateJsonObjectContextCustomizerFactory$DuplicateJsonObjectContextCustomizer@59f3d6bf, org.springframework.boot.test.mock.mockito.MockitoContextCustomizer@0, org.springframework.boot.test.web.client.TestRestTemplateContextCustomizer@1b7a630f, org.springframework.boot.test.web.reactive.server.WebTestClientContextCustomizer@5157b00, org.springframework.boot.test.context.SpringBootTestArgs@1, org.springframework.boot.test.context.SpringBootTestWebEnvironment@6b1b0f5d], contextLoader = 'org.springframework.boot.test.context.SpringBootContextLoader', parent = [null]], attributes = map['org.springframework.test.context.event.ApplicationEventsTestExecutionListener.recordApplicationEvents' -> false]]].
16:31:55.633 [Test worker] DEBUG org.springframework.test.context.support.TestPropertySourceUtils - Adding inlined properties to environment: {spring.jmx.enabled=false, org.springframework.boot.test.context.SpringBootTestContextBootstrapper=true}

  .   ____          _            __ _ _
 /\\ / ___'_ __ _ _(_)_ __  __ _ \ \ \ \
( ( )\___ | '_ | '_| | '_ \/ _` | \ \ \ \
 \\/  ___)| |_)| | | | | || (_| |  ) ) ) )
  '  |____| .__|_| |_|_| |_\__, | / / / /
 =========|_|==============|___/=/_/_/_/
 :: Spring Boot ::                (v2.5.1)

2021-06-11 16:31:55.915  INFO 24449 --- [    Test worker] o.d.g.client.quotes.QuotesClientTest     : Starting QuotesClientTest using Java 11.0.11 on CFC02CW1PAML7H with PID 24449 (started by driptaroopdas in /Users/driptaroopdas/Documents/workspaces/gradle/composite-build/lib/quotes-client)
2021-06-11 16:31:55.918  INFO 24449 --- [    Test worker] o.d.g.client.quotes.QuotesClientTest     : No active profile set, falling back to default profiles: default
2021-06-11 16:31:56.853  INFO 24449 --- [    Test worker] o.d.g.client.quotes.QuotesClientTest     : Started QuotesClientTest in 1.209 seconds (JVM running for 2.407)
]]></system-out>
  <system-err><![CDATA[]]></system-err>
</testsuite>
